nohup: ignoring input
============================================================
  GitLab Handbook & Direction Scraper
============================================================

📘 Scraping GitLab Handbook pages...
  ⏭ [1] Cached — https://handbook.gitlab.com/handbook/
  ⏭ [2] Cached — https://handbook.gitlab.com/handbook/values/
  ⏭ [3] Cached — https://handbook.gitlab.com/handbook/communication/
  ⏭ [4] Cached — https://handbook.gitlab.com/handbook/leadership/
  ⏭ [5] Cached — https://handbook.gitlab.com/handbook/people-group/
  ⏭ [6] Cached — https://handbook.gitlab.com/handbook/people-group/employment-branding/
  ⏭ [7] Cached — https://handbook.gitlab.com/handbook/hiring/
  ⏭ [8] Cached — https://handbook.gitlab.com/handbook/hiring/interviewing/
  ⏭ [9] Cached — https://handbook.gitlab.com/handbook/total-rewards/
  ⏭ [10] Cached — https://handbook.gitlab.com/handbook/total-rewards/compensation/
  ⏭ [11] Cached — https://handbook.gitlab.com/handbook/engineering/
  ⏭ [12] Cached — https://handbook.gitlab.com/handbook/engineering/development/
  ⏭ [13] Cached — https://handbook.gitlab.com/handbook/engineering/infrastructure/
  ⚠ 403 — https://handbook.gitlab.com/handbook/engineering/quality/
  ⏭ [14] Cached — https://handbook.gitlab.com/handbook/product/
  ⚠ 403 — https://handbook.gitlab.com/handbook/product/product-manager-role/
  ⏭ [15] Cached — https://handbook.gitlab.com/handbook/product/ux/
  ⏭ [16] Cached — https://handbook.gitlab.com/handbook/marketing/
  ⏭ [17] Cached — https://handbook.gitlab.com/handbook/sales/
  ⏭ [18] Cached — https://handbook.gitlab.com/handbook/finance/
  ⏭ [19] Cached — https://handbook.gitlab.com/handbook/security/
  ⏭ [20] Cached — https://handbook.gitlab.com/handbook/legal/
  ✓ [21] GitLab's Guide to All-Remote | The GitLab Handbook — https://handbook.gitlab.com/handbook/company/culture/all-remote/guide/
  ✓ [22] The complete guide to starting a remote job | The GitLab Han — https://handbook.gitlab.com/handbook/company/culture/all-remote/getting-started/
  ⚠ 403 — https://handbook.gitlab.com/handbook/company/culture/all-remote/tips/
  ⚠ 403 — https://handbook.gitlab.com/handbook/company/culture/all-remote/management/
  ✓ [23] All-Remote Meetings | The GitLab Handbook — https://handbook.gitlab.com/handbook/company/culture/all-remote/meetings/
  ⚠ 403 — https://handbook.gitlab.com/handbook/company/team-structure/
  ⏭ [24] Cached — https://handbook.gitlab.com/handbook/company/okrs/
  ⚠ 403 — https://handbook.gitlab.com/handbook/company/strategy/
  ✓ [25] Tools and tips | The GitLab Handbook — https://handbook.gitlab.com/handbook/tools-and-tips/
  ✓ [26] Support Team Handbook | The GitLab Handbook — https://handbook.gitlab.com/handbook/support/
  ⚠ 403 — https://handbook.gitlab.com/handbook/git-page-update/
  ⚠ 403 — https://handbook.gitlab.com/handbook/on-call/
  ⚠ 403 — https://handbook.gitlab.com/handbook/incentives/
  ⏭ [27] Cached — https://handbook.gitlab.com/handbook/engineering/infrastructure-platforms/gitlab-delivery/distribution/maintenance/dev-gitlab-org/
  ✓ [28] Incident Roles - Incident Lead | The GitLab Handbook — https://handbook.gitlab.com/handbook/engineering/infrastructure-platforms/incident-management/roles/incident-lead/
  ✓ [29] Learning Initiatives | The GitLab Handbook — https://handbook.gitlab.com/handbook/people-group/learning-and-development/learning-initiatives/
  ⏭ [30] Cached — https://handbook.gitlab.com/handbook/product/ux/experience-research/diary-studies/
  ⏭ [31] Cached — https://handbook.gitlab.com/handbook/product/ux/experience-research/ux-cloud-sandbox/
  ⏭ [32] Cached — https://handbook.gitlab.com/handbook/enterprise-data/organization/programs/data-for-product-managers/
  ⏭ [33] Cached — https://handbook.gitlab.com/handbook/customer-success/professional-services-engineering/education-services/ilt-labs/gitlabcicdhandsonlab4/
  ⏭ [34] Cached — https://handbook.gitlab.com/handbook/company/infrastructure-standards/realms/infra-shared-services/labels-tags/
  ✓ [35] Security Requirements for Development and Deployment | The G — https://handbook.gitlab.com/handbook/security/planning/security-development-deployment-requirements/
  ✓ [36] Similarweb | The GitLab Handbook — https://handbook.gitlab.com/handbook/marketing/marketing-operations/similarweb/
  ✓ [37] Engineering Career Development | The GitLab Handbook — https://handbook.gitlab.com/handbook/engineering/careers/
  ✓ [38] Security Department Performance Indicators | The GitLab Hand — https://handbook.gitlab.com/handbook/security/performance-indicators/
  ✓ [39] Test Coverage | The GitLab Handbook — https://handbook.gitlab.com/handbook/engineering/testing/test-coverage/
  ✓ [40] Transparency Reports | The GitLab Handbook — https://handbook.gitlab.com/handbook/legal/privacy/transparency-reports/
  ✓ [41] Google Groups | The GitLab Handbook — https://handbook.gitlab.com/handbook/security/corporate/systems/google/groups/
  ✓ [42] The complete guide to remote onboarding for new-hires | The  — https://handbook.gitlab.com/handbook/company/culture/all-remote/onboarding/
  ✓ [43] Fault Tolerance | The GitLab Handbook — https://handbook.gitlab.com/handbook/company/working-groups/isolation/fault_tolerance.html/
  ✓ [44] Erin Persona snippets | The GitLab Handbook — https://handbook.gitlab.com/handbook/marketing/brand-and-product-marketing/product-and-solution-marketing/persona-snippets/buyer-personas/erin/
  ✓ [45] Making GIFs | The GitLab Handbook — https://handbook.gitlab.com/handbook/product/product-processes/making-gifs/
  ✓ [46] Laptop Wireless Networks | The GitLab Handbook — https://handbook.gitlab.com/handbook/security/corporate/end-user-services/laptop-management/laptop-security/networks/
  ✓ [47] Public Sector | The GitLab Handbook — https://handbook.gitlab.com/handbook/customer-success/public-sector/
  ✓ [48] AWS Data Team Guide | The GitLab Handbook — https://handbook.gitlab.com/handbook/enterprise-data/platform/aws-guide/
  ✓ [49] Dex Bot | The GitLab Handbook — https://handbook.gitlab.com/handbook/marketing/digital-experience/engineering/dexbot/
  ✓ [50] Field Accreditation: Solutions Architects | The GitLab Handb — https://handbook.gitlab.com/handbook/sales/training/field-certification/sa/
  ✓ [51] The phases of remote adaptation | The GitLab Handbook — https://handbook.gitlab.com/handbook/company/culture/all-remote/phases-of-remote-adaptation/
  ✓ [52] Google Cloud (GCP) Organization (cells-dev / gitlab-cells.de — https://handbook.gitlab.com/handbook/security/corporate/systems/google/cloud/cells-dev/projects/
  ⏭ [53] Cached — https://handbook.gitlab.com/handbook/security/security-assurance/field-security/independent_security_assurance/
  ⏭ [54] Cached — https://handbook.gitlab.com/handbook/business-technology/enterprise-applications/integrations/
  ✓ [55] Build | The GitLab Handbook — https://handbook.gitlab.com/handbook/marketing/brand-and-product-marketing/product-and-solution-marketing/it-groups/build/
  ✓ [56] Consultancy workflows for Developer Advocates | The GitLab H — https://handbook.gitlab.com/handbook/marketing/developer-relations/developer-advocacy/consultancy/
  ✓ [57] GitLab Ireland Ltd Right to Disconnect Policy | The GitLab H — https://handbook.gitlab.com/handbook/people-policies/ireland-ltd/right-to-disconnect-policy/
  ✓ [58] Development Department Career Framework: Principal | The Git — https://handbook.gitlab.com/handbook/engineering/careers/matrix/development/principal/
  ✓ [59] Sales Plays | The GitLab Handbook — https://handbook.gitlab.com/handbook/marketing/sales-plays/
  ✓ [60] Disaster Recovery of GitLab.com | The GitLab Handbook — https://handbook.gitlab.com/handbook/engineering/gitlab-com/policies/disaster-recovery/
  ✓ [61] Marketo program/campaign support | The GitLab Handbook — https://handbook.gitlab.com/handbook/marketing/marketing-operations/campaign-operations/
  ⏭ [62] Cached — https://handbook.gitlab.com/handbook/security/corporate/systems/okta/user/android/
  ⏭ [63] Cached — https://handbook.gitlab.com/handbook/finance/procurement/consultants/
  ✓ [64] Offboarding Documents & Notices | The GitLab Handbook — https://handbook.gitlab.com/handbook/labor-and-employment-notices/offboarding-documents/
  ✓ [65] Security Division Dogfooding Program | The GitLab Handbook — https://handbook.gitlab.com/handbook/security/security-division-dogfooding/
  ✓ [66] GitLab Follow-up Issue Enhancement with Duo Agent | The GitL — https://handbook.gitlab.com/handbook/engineering/development/growth/ai-prompts/follow-up-issue-enhancement-prompt/
  ⏭ [67] Cached — https://handbook.gitlab.com/handbook/sales/high-velocity-sales-fo-team/hvs_product_gtm/
  ⏭ [68] Cached — https://handbook.gitlab.com/handbook/legal/eudataact/
  ⏭ [69] Cached — https://handbook.gitlab.com/handbook/company/culture/all-remote/guide/design/
  ✓ [70] Previous GitLab Contributes & Summits | The GitLab Handbook — https://handbook.gitlab.com/handbook/company/culture/summit/previous/
  ⏭ [71] Cached — https://handbook.gitlab.com/handbook/engineering/development/sec/software-supply-chain-security/oncall/handoff-and-continuity/
  ✓ [72] Field Flash Newsletter - Edition 2021-06-07 | The GitLab Han — https://handbook.gitlab.com/handbook/sales/field-communications/field-flash-newsletter/edition-2021-06-07/
  ✓ [73] Risk Mapping | The GitLab Handbook — https://handbook.gitlab.com/handbook/engineering/testing/risk-mapping/
  ✓ [74] Google Groups | The GitLab Handbook — https://handbook.gitlab.com/handbook/security/corporate/end-user-services/supported-apps/google-workspace/google-groups/
  ✓ [75] Gap Analysis Program | The GitLab Handbook — https://handbook.gitlab.com/handbook/security/security-assurance/security-compliance/gap-analysis-program/
  ✓ [76] GitLab System Administration - Hands-on Lab: Configure GitLa — https://handbook.gitlab.com/handbook/customer-success/professional-services-engineering/education-services/sysadminhandsonlab3/
  ✓ [77] Julie Davila's README | The GitLab Handbook — https://handbook.gitlab.com/handbook/security/readmes/julie-davila/
  ✓ [78] Infrastructure Reference Links | The GitLab Handbook — https://handbook.gitlab.com/handbook/business-technology/engineering/infrastructure/reference-links/
  ✓ [79] Ecosystem SA Operating Rhythm | The GitLab Handbook — https://handbook.gitlab.com/handbook/solutions-architects/processes/ecosystem-sa/esa-operating-rhythm/
  ✓ [80] ClickHouse Working Group | The GitLab Handbook — https://handbook.gitlab.com/handbook/company/working-groups/clickhouse-datastore/
  ✓ [81] Engaging with Security | The GitLab Handbook — https://handbook.gitlab.com/handbook/security/engaging-with-security/
  ✓ [82] Build Team Strategic Vision | The GitLab Handbook — https://handbook.gitlab.com/handbook/engineering/infrastructure-platforms/gitlab-delivery/build/vision/
  ✓ [83] YouTube uses and access | The GitLab Handbook — https://handbook.gitlab.com/handbook/marketing/marketing-operations/youtube/
  ✓ [84] Iterable | The GitLab Handbook — https://handbook.gitlab.com/handbook/marketing/marketing-operations/iterable/
  ✓ [85] CVSS Calculation | The GitLab Handbook — https://handbook.gitlab.com/handbook/security/product-security/psirt/runbooks/cvss-calculation/
  ✓ [86] The GitLab Content Style Guide | The GitLab Handbook — https://handbook.gitlab.com/handbook/marketing/brand-and-product-marketing/brand/content-style-guide/
  ✓ [87] GitLab Environmental, Social, and Governance (ESG) | The Git — https://handbook.gitlab.com/handbook/company/esg/
  ✓ [88] AI Model Validation at GitLab | The GitLab Handbook — https://handbook.gitlab.com/handbook/engineering/development/data-science/ai-powered/model-validation/model_evaluation/
  ✓ [89] GitLab Fundamentals - Hands-On Lab: Collaboration and Code R — https://handbook.gitlab.com/handbook/customer-success/professional-services-engineering/education-services/ilt-labs/gitlabfundamentalshandsonlab4/
  ✓ [90] Handbook Embedding Demonstration Page | The GitLab Handbook — https://handbook.gitlab.com/handbook/enterprise-data/platform/tableau/embed-demo/
  ✓ [91] Rashmi Chachra's README | The GitLab Handbook — https://handbook.gitlab.com/handbook/legal/readmes/rashmichachra/
  ✓ [92] Development Guide | The GitLab Handbook — https://handbook.gitlab.com/handbook/engineering/ai/ai-coding/code_suggestions/development_guide/
  ✓ [93] Opportunity Consults | The GitLab Handbook — https://handbook.gitlab.com/handbook/sales/command-of-the-message/opportunity-consults/
  ✓ [94] Proof Points | The GitLab Handbook — https://handbook.gitlab.com/handbook/sales/command-of-the-message/proof-points/
  ✓ [95] gl-support-bot | The GitLab Handbook — https://handbook.gitlab.com/handbook/security/customer-support-operations/gitlab/gl-support-bot/
  ✓ [96] Nick Malcolm's README | The GitLab Handbook — https://handbook.gitlab.com/handbook/security/readmes/nick-malcolm/
  ✓ [97] Development Escalation Process (Discontinued) | The GitLab H — https://handbook.gitlab.com/handbook/engineering/workflow/development-processes/infra-dev-escalation/process/
  ✓ [98] Global Travel and Expense Policy | The GitLab Handbook — https://handbook.gitlab.com/handbook/finance/expenses/
  ✓ [99] Getting Started with Agile/DevOps Metrics | The GitLab Handb — https://handbook.gitlab.com/handbook/marketing/brand-and-product-marketing/product-and-solution-marketing/devops-metrics/
  ✓ [100] Marketing Site Approval Process | The GitLab Handbook — https://handbook.gitlab.com/handbook/marketing/digital-experience/engineering/marketing-site-approval-process/
  ✓ [101] FedRAMP Vulnerability Deviation Request Procedure | The GitL — https://handbook.gitlab.com/handbook/security/security-assurance/security-compliance/poam-deviation-request-procedure/
  ✓ [102] Interview Carousel - Becoming a better interviewer 15 minute — https://handbook.gitlab.com/handbook/product/ux/experience-research/interview-carousel/
  ✓ [103] Core DevOps Solutions | The GitLab Handbook — https://handbook.gitlab.com/handbook/marketing/use-cases/
  ✓ [104] Salesforce | The GitLab Handbook — https://handbook.gitlab.com/handbook/security/customer-support-operations/salesforce/
  ✓ [105] Devon Persona snippets | The GitLab Handbook — https://handbook.gitlab.com/handbook/marketing/brand-and-product-marketing/product-and-solution-marketing/persona-snippets/user-personas/devon/
  ✓ [106] Project Execution | The GitLab Handbook — https://handbook.gitlab.com/handbook/customer-success/professional-services-engineering/workflows/project-execution/
  ✗ Error — https://handbook.gitlab.com/handbook/support/managers/areas-of-focus/: HTTPSConnectionPool(host='handbook.gitlab.com', port=443): Max retries exceeded with url: /handbook/support/managers/areas-of-focus/ (Caused by NewConnectionError('<urllib3.connection.HTTPSConnection object at 0x7d36f2f88d30>: Failed to establish a new connection: [Errno -3] Temporary failure in name resolution'))
  ✓ [107] Google Cloud Billing | The GitLab Handbook — https://handbook.gitlab.com/handbook/security/corporate/systems/google/cloud/billing/
  ✓ [108] Coaching Account Planning for ASMs | The GitLab Handbook — https://handbook.gitlab.com/handbook/sales/account-planning/coaching-for-asms/
  ✓ [109] Workshops and Enablement Sessions | The GitLab Handbook — https://handbook.gitlab.com/handbook/customer-success/csm/workshops/
  ✓ [110] Sales Kickoff 2023 | The GitLab Handbook — https://handbook.gitlab.com/handbook/sales/training/sko/2023/
  ✓ [111] Incentives at GitLab | The GitLab Handbook — https://handbook.gitlab.com/handbook/total-rewards/incentives/
  ✓ [112] Global Support working with ASEs | The GitLab Handbook — https://handbook.gitlab.com/handbook/support/enhanced-support-offerings/offering-assigned-support-engineer/working-with-ases/global-support-and-ases/
  ✓ [113] Cynthia 'Arty' Ng README | The GitLab Handbook — https://handbook.gitlab.com/handbook/product/readmes/cynthia/
  ✓ [114] Kavya Nanjappa's README | The GitLab Handbook — https://handbook.gitlab.com/handbook/business-technology/readmes/kavya-nanjappa/
  ✓ [115] Diversity, Inclusion & Belonging | The GitLab Handbook — https://handbook.gitlab.com/handbook/company/culture/inclusion/
  ✓ [116] Slack Channels | The GitLab Handbook — https://handbook.gitlab.com/handbook/security/corporate/systems/slack/channels/
  ✓ [117] GitLab LTD (UK) Benefits | The GitLab Handbook — https://handbook.gitlab.com/handbook/total-rewards/benefits/general-and-entity-benefits/ltd-benefits-uk/
  ✗ Error — https://handbook.gitlab.com/handbook/customer-success/professional-services-engineering/education-services/secessentialshandson4/: ('Connection aborted.', RemoteDisconnected('Remote end closed connection without response'))
  ✗ Error — https://handbook.gitlab.com/handbook/sales/training/sko/sko-planning/: HTTPSConnectionPool(host='handbook.gitlab.com', port=443): Read timed out.
  ✓ [118] Calls to Action (CTAs) | The GitLab Handbook — https://handbook.gitlab.com/handbook/customer-success/csm/gainsight/ctas/
  ✓ [119] Using GitLab to plan work | The GitLab Handbook — https://handbook.gitlab.com/handbook/product/product-processes/planning-with-gitlab/
  ✓ [120] Merge Request Coach Lifecycle | The GitLab Handbook — https://handbook.gitlab.com/handbook/marketing/developer-relations/engineering/merge-request-coach-lifecycle/
  ✓ [121] GitLab System Admin - Hands-On Lab: Exploring the GitLab Omn — https://handbook.gitlab.com/handbook/customer-success/professional-services-engineering/education-services/ilt-labs/sysadminhandsonlab2/
  ✓ [122] GitLab India Private Limited Policy Against Sexual Harassmen — https://handbook.gitlab.com/handbook/people-policies/india-ltd/
  ✗ Error — https://handbook.gitlab.com/handbook/security/security-change-management-procedure/: HTTPSConnectionPool(host='handbook.gitlab.com', port=443): Read timed out.
  ✓ [123] Upsell Premium to Ultimate sales play planner | The GitLab H — https://handbook.gitlab.com/handbook/marketing/sales-plays-cicd/planner-premium-to-ultimate/
  ✓ [124] Legacy GitLab Subscription Agreement V6 | The GitLab Handboo — https://handbook.gitlab.com/handbook/legal/legacy/legacy-subscription-agreement-v6/
  ✓ [125] Governance and IT Program Management | The GitLab Handbook — https://handbook.gitlab.com/handbook/business-technology/enterprise-applications/pmo/pmo-governance/
  ✓ [126] Frontend | The GitLab Handbook — https://handbook.gitlab.com/handbook/engineering/careers/matrix/development/dev/frontend/
  ✓ [127] Lyle Kozloff's README | The GitLab Handbook — https://handbook.gitlab.com/handbook/engineering/readmes/lyle-kozloff/
  ✓ [128] Digital Experience: Foundations Agenda | The GitLab Handbook — https://handbook.gitlab.com/handbook/marketing/digital-experience/foundations-agenda/
  ✓ [129] Marketo Tech Stack Guide | The GitLab Handbook — https://handbook.gitlab.com/handbook/marketing/marketing-operations/marketo/tech-stack-guide-marketo/
  ✓ [130] Lumos | The GitLab Handbook — https://handbook.gitlab.com/handbook/security/corporate/systems/lumos/
  ✓ [131] Read-Mostly Data | The GitLab Handbook — https://handbook.gitlab.com/handbook/company/working-groups/database-scalability/read-mostly/
  ✓ [132] How to Perform Customer Emergencies Duties | The GitLab Hand — https://handbook.gitlab.com/handbook/support/workflows/customer_emergencies_workflows/
  ✓ [133] Remote Guide for Finance Teams | The GitLab Handbook — https://handbook.gitlab.com/handbook/company/culture/all-remote/guide/finance/
  ✓ [134] Communities of Practice | The GitLab Handbook — https://handbook.gitlab.com/handbook/customer-success/initiatives/communities-of-practice/
  ✓ [135] DevSecOps Adoption Tracking in Gainsight | The GitLab Handbo — https://handbook.gitlab.com/handbook/customer-success/csm/devsecops-adoption-tracking/
  ✗ Error — https://handbook.gitlab.com/handbook/enterprise-data/platform/permifrost/: HTTPSConnectionPool(host='handbook.gitlab.com', port=443): Read timed out.
  ✓ [136] CTO Leadership Team | The GitLab Handbook — https://handbook.gitlab.com/handbook/engineering/cto-leadership-team/
  ✓ [137] Customer Advocacy at GitLab | The GitLab Handbook — https://handbook.gitlab.com/handbook/marketing/brand-and-product-marketing/product-and-solution-marketing/customer-advocacy/
  ✓ [138] GitLab Security Essentials - Hands-On Lab: Enable and Config — https://handbook.gitlab.com/handbook/customer-success/professional-services-engineering/education-services/secessentialshandson2/
  ✓ [139] Your First Shift | The GitLab Handbook — https://handbook.gitlab.com/handbook/engineering/development/sec/software-supply-chain-security/oncall/your-first-shift/
  ✓ [140] Salesforce Tech Stack Guide | The GitLab Handbook — https://handbook.gitlab.com/handbook/sales/field-operations/sales-systems/tech-stack-guide-sfdc/
  ✓ [141] Contributing to the Handbook | The GitLab Handbook — https://handbook.gitlab.com/handbook/about/contributing/
  ✓ [142] Distribution Team usage of Renovate | The GitLab Handbook — https://handbook.gitlab.com/handbook/engineering/infrastructure-platforms/gitlab-delivery/build/maintenance/renovate/
  ✓ [143] Infrastructure Environments | The GitLab Handbook — https://handbook.gitlab.com/handbook/engineering/infrastructure-platforms/environments/
  ✓ [144] Infrastructure Labels and Tags | The GitLab Handbook — https://handbook.gitlab.com/handbook/company/infrastructure-standards/labels-tags/
  ✓ [145] Sec DB Decomposition Working Group | The GitLab Handbook — https://handbook.gitlab.com/handbook/company/working-groups/secure-govern-database-decomposition/
  ✓ [146] Troubleshooting | The GitLab Handbook — https://handbook.gitlab.com/handbook/engineering/ai/agent-foundations/troubleshooting/
  ✓ [147] Static Analysis Runbooks | The GitLab Handbook — https://handbook.gitlab.com/handbook/engineering/development/sec/secure/static-analysis/runbooks/
  ✓ [148] Google Cloud (GCP) Dedicated Dev Projects | The GitLab Handb — https://handbook.gitlab.com/handbook/security/corporate/systems/google/cloud/dedicated-dev/projects/
  ✓ [149] Pipeline Security Group - JTBD | The GitLab Handbook — https://handbook.gitlab.com/handbook/engineering/development/sec/software-supply-chain-security/pipeline-security/jtbd/
  ✓ [150] Stack Overflow for Teams | The GitLab Handbook — https://handbook.gitlab.com/handbook/solutions-architects/tools-and-resources/stackoverflow/
  ✓ [151] Infrastructure Platforms Department Request for Help Process — https://handbook.gitlab.com/handbook/engineering/infrastructure-platforms/request-for-help-processes/
  ✓ [152] Glean End User Guide | The GitLab Handbook — https://handbook.gitlab.com/handbook/business-technology/enterprise-applications/guides/glean-guide/
  ✓ [153] Runway Team | The GitLab Handbook — https://handbook.gitlab.com/handbook/engineering/infrastructure-platforms/gitlab-delivery/runway/
  ✓ [154] Regional Marketing Owned Virtual Events | The GitLab Handboo — https://handbook.gitlab.com/handbook/marketing/field-marketing/field-marketing-owned-virtual-events/
  ✓ [155] Jean-Baptiste Larramendy README (AVP, Sales Dev) | The GitLa — https://handbook.gitlab.com/handbook/marketing/readmes/jean-baptiste-larramendy/
  ✓ [156] Security Policies - How we prioritize our current work? | Th — https://handbook.gitlab.com/handbook/engineering/development/sec/security-risk-management/security-policies/workflow/
  ✓ [157] DevSecOps Message House | The GitLab Handbook — https://handbook.gitlab.com/handbook/marketing/brand-and-product-marketing/product-and-solution-marketing/usecase-gtm/devsecops/message-house/
  ✓ [158] Visas | The GitLab Handbook — https://handbook.gitlab.com/handbook/people-group/visas/
  ✓ [159] Getting Started Tutorials | The GitLab Handbook — https://handbook.gitlab.com/handbook/customer-success/demo-systems/tutorials/getting-started/
  ✓ [160] CSM to CSE+ Account Transition Process | The GitLab Handbook — https://handbook.gitlab.com/handbook/customer-success/csm/segment/cse/csm-to-cse-handover/
  ✓ [161] Publish a video on YouTube | The GitLab Handbook — https://handbook.gitlab.com/handbook/marketing/developer-relations/technical-marketing/howto/publish_video_on_youtube/
  ✓ [162] CI Catalog | The GitLab Handbook — https://handbook.gitlab.com/handbook/engineering/devops/project-plans/ci-catalog/
  ✓ [163] Laptop Ordering | The GitLab Handbook — https://handbook.gitlab.com/handbook/security/corporate/end-user-services/laptop-management/laptop-ordering/
  ✓ [164] Managing Limits | The GitLab Handbook — https://handbook.gitlab.com/handbook/engineering/infrastructure-platforms/rate-limiting/managing-limits/
  ✓ [165] Usecase: Template | The GitLab Handbook — https://handbook.gitlab.com/handbook/marketing/brand-and-product-marketing/product-and-solution-marketing/usecase-gtm/template/
  ✓ [166] High Velocity Sales and First Orders - Feedback Collection a — https://handbook.gitlab.com/handbook/sales/commercial/hvs_fo_feedback/
  ✓ [167] Field Security Engagement in QBRs | The GitLab Handbook — https://handbook.gitlab.com/handbook/security/security-assurance/field-security/qbrs/
  ✓ [168] Leadership Diversity Inclusion & Belonging Council | The Git — https://handbook.gitlab.com/handbook/company/culture/inclusion/leadership-dib-council/
  ✓ [169] Preparation for US Government On-Call Shift | The GitLab Han — https://handbook.gitlab.com/handbook/support/workflows/usgovernment_oncall_checklist/
  ✓ [170] Technology Roadmap | The GitLab Handbook — https://handbook.gitlab.com/handbook/engineering/architecture/roadmap/
  ✓ [171] Okta Access Request Guide | The GitLab Handbook — https://handbook.gitlab.com/handbook/security/corporate/systems/okta/ar/
  ✓ [172] LevelUp | The GitLab Handbook — https://handbook.gitlab.com/handbook/people-group/learning-and-development/level-up/
  ✓ [173] Database Group Activity Log | The GitLab Handbook — https://handbook.gitlab.com/handbook/engineering/data-engineering/database-excellence/database-frameworks/activity-log/
  ✓ [174] Data Team Platform | The GitLab Handbook — https://handbook.gitlab.com/handbook/enterprise-data/platform/
  ✓ [175] Crafting Queries with Postgres Ai Plans | The GitLab Handboo — https://handbook.gitlab.com/handbook/engineering/data-engineering/database-excellence/database-frameworks/doc/training-content/query-plans/
  ✓ [176] Product Development Roles and Responsibilities | The GitLab  — https://handbook.gitlab.com/handbook/product-development/how-we-work/roles-and-responsibilities/
  ✓ [177] CRO Career Development Day | The GitLab Handbook — https://handbook.gitlab.com/handbook/sales/crodevday/
  ✓ [178] Customer & Partner Fireside Chat | The GitLab Handbook — https://handbook.gitlab.com/handbook/sales/customer-partner-fireside-chat/
  ✓ [179] Creating a wider community license | The GitLab Handbook — https://handbook.gitlab.com/handbook/support/license-and-renewals/workflows/self-managed/creating-wider-community-license/
  ✓ [180] Gratis Support for Prospects | The GitLab Handbook — https://handbook.gitlab.com/handbook/support/priority_prospects/
  ✓ [181] Customer Success Teams | The GitLab Handbook — https://handbook.gitlab.com/handbook/customer-success/csm/segment/
  ✓ [182] Database Help Workflow | The GitLab Handbook — https://handbook.gitlab.com/handbook/engineering/infrastructure-platforms/data-access/help/
  ✓ [183] Communicating Licensing & Renewals Workflow Changes | The Gi — https://handbook.gitlab.com/handbook/support/license-and-renewals/workflows/communicating_lnr_workflow_changes/
  ✓ [184] CustomersDot | The GitLab Handbook — https://handbook.gitlab.com/handbook/support/license-and-renewals/workflows/customersdot/
  ✓ [185] Team Member Social Media Advocacy | The GitLab Handbook — https://handbook.gitlab.com/handbook/marketing/integrated-marketing/digital-strategy/social-marketing/team-member-social-advocacy/
  ✓ [186] Work Items API Performance Working Group | The GitLab Handbo — https://handbook.gitlab.com/handbook/engineering/devops/plan/working-groups/work-items-api-performance/
  ✓ [187] Field Flash Newsletter | The GitLab Handbook — https://handbook.gitlab.com/handbook/sales/field-communications/field-flash-newsletter/
  ✓ [188] Dataloader Installation, Deletion, and Upgrade Instructions  — https://handbook.gitlab.com/handbook/sales/field-operations/sales-systems/dataloader-installation/
  ✓ [189] Performance reviews | The GitLab Handbook — https://handbook.gitlab.com/handbook/support/workflows/team/performance_review/
  ✓ [190] Updating customer organization name | The GitLab Handbook — https://handbook.gitlab.com/handbook/support/license-and-renewals/workflows/updating_customer_organization_name/
  ✓ [191] Create:Remote Development Principles | The GitLab Handbook — https://handbook.gitlab.com/handbook/engineering/devops/create/remote-development/principles/
  ✓ [192] Engineering manager role explained | The GitLab Handbook — https://handbook.gitlab.com/handbook/engineering/careers/training/em-role/
  ✓ [193] Time Off Types | The GitLab Handbook — https://handbook.gitlab.com/handbook/people-group/time-off-and-absence/time-off-types/
  ✗ Error — https://handbook.gitlab.com/handbook/legal/acceptable-use-policy/: ('Connection aborted.', RemoteDisconnected('Remote end closed connection without response'))
  ✓ [194] User segments | The GitLab Handbook — https://handbook.gitlab.com/handbook/security/customer-support-operations/zendesk/knowledge-center/user-segments/
  ✓ [195] CorpSec Change Management | The GitLab Handbook — https://handbook.gitlab.com/handbook/security/corporate/services/change-management/
  ✓ [196] Test Platform in Distribution group | The GitLab Handbook — https://handbook.gitlab.com/handbook/engineering/testing/distribution/
  ✓ [197] Agile Message House Template | The GitLab Handbook — https://handbook.gitlab.com/handbook/marketing/brand-and-product-marketing/product-and-solution-marketing/usecase-gtm/agile/message-house-template/
  ✓ [198] Personal Data Removal Requests | The GitLab Handbook — https://handbook.gitlab.com/handbook/support/workflows/pii_removal_requests/
  ✓ [199] Persona snippets | The GitLab Handbook — https://handbook.gitlab.com/handbook/marketing/brand-and-product-marketing/product-and-solution-marketing/persona-snippets/
  ✗ Error — https://handbook.gitlab.com/handbook/engineering/readmes/daniel-diniz/: HTTPSConnectionPool(host='handbook.gitlab.com', port=443): Read timed out.
  ✓ [200] Application Security - Capacity Indicators, Classifications, — https://handbook.gitlab.com/handbook/security/product-security/security-platforms-architecture/application-security/metrics/capacity/

📗 Scraping GitLab Direction pages...
  ⏭ Skipping (too short) — https://about.gitlab.com/direction/
  ⏭ Skipping (too short) — https://about.gitlab.com/direction/plan/
  ⏭ Skipping (too short) — https://about.gitlab.com/direction/create/
  ⏭ Skipping (too short) — https://about.gitlab.com/direction/verify/
  ⏭ Skipping (too short) — https://about.gitlab.com/direction/package/
  ⚠ 404 — https://about.gitlab.com/direction/deploy/
  ⏭ Skipping (too short) — https://about.gitlab.com/direction/secure/
  ⏭ Skipping (too short) — https://about.gitlab.com/direction/govern/
  ⏭ Skipping (too short) — https://about.gitlab.com/direction/monitor/
  ⏭ Skipping (too short) — https://about.gitlab.com/direction/manage/
  ⏭ Skipping (too short) — https://about.gitlab.com/direction/modelops/
  ⚠ 404 — https://about.gitlab.com/direction/enablement/
  ⏭ Skipping (too short) — https://about.gitlab.com/direction/saas-platforms/

============================================================
  Done! Scraped 200 pages (200 handbook + 0 direction)
  Data saved to: /home/ramsank/Downloads/GenAI Chatbot/data/raw
============================================================
